TN:
SF:/Users/walkerking/test/blunderbuss/55-node-study/16-node-blog/index.js
FN:50,(anonymous_1)
FN:86,(anonymous_2)
FN:98,(anonymous_3)
FNF:3
FNH:0
FNDA:0,(anonymous_1)
FNDA:0,(anonymous_2)
FNDA:0,(anonymous_3)
DA:1,1
DA:2,1
DA:3,1
DA:4,1
DA:5,1
DA:6,1
DA:7,1
DA:8,1
DA:9,1
DA:10,1
DA:12,1
DA:15,1
DA:16,1
DA:18,1
DA:21,1
DA:23,1
DA:36,1
DA:38,1
DA:44,1
DA:50,1
DA:51,0
DA:52,0
DA:53,0
DA:54,0
DA:59,1
DA:71,1
DA:73,1
DA:86,1
DA:87,0
DA:88,0
DA:89,0
DA:92,1
DA:93,1
DA:95,1
DA:98,0
DA:99,0
LF:36
LH:27
BRDA:93,1,0,1
BRDA:93,1,1,0
BRF:2
BRH:1
end_of_record
TN:
SF:/Users/walkerking/test/blunderbuss/55-node-study/16-node-blog/config/default.js
FNF:0
FNH:0
DA:1,1
LF:1
LH:1
BRF:0
BRH:0
end_of_record
TN:
SF:/Users/walkerking/test/blunderbuss/55-node-study/16-node-blog/routes/index.js
FN:1,(anonymous_1)
FN:2,(anonymous_2)
FN:11,(anonymous_3)
FNF:3
FNH:1
FNDA:1,(anonymous_1)
FNDA:0,(anonymous_2)
FNDA:0,(anonymous_3)
DA:1,1
DA:2,1
DA:3,0
DA:5,1
DA:6,1
DA:7,1
DA:8,1
DA:9,1
DA:11,1
DA:12,0
DA:13,0
LF:11
LH:8
BRDA:12,1,0,0
BRDA:12,1,1,0
BRF:2
BRH:0
end_of_record
TN:
SF:/Users/walkerking/test/blunderbuss/55-node-study/16-node-blog/routes/signup.js
FN:11,(anonymous_1)
FN:16,(anonymous_2)
FN:64,(anonymous_3)
FN:75,(anonymous_4)
FNF:4
FNH:0
FNDA:0,(anonymous_1)
FNDA:0,(anonymous_2)
FNDA:0,(anonymous_3)
FNDA:0,(anonymous_4)
DA:1,1
DA:2,1
DA:3,1
DA:4,1
DA:5,1
DA:7,1
DA:8,1
DA:11,1
DA:12,0
DA:16,1
DA:17,0
DA:18,0
DA:19,0
DA:20,0
DA:21,0
DA:22,0
DA:25,0
DA:26,0
DA:27,0
DA:29,0
DA:30,0
DA:32,0
DA:33,0
DA:35,0
DA:36,0
DA:38,0
DA:39,0
DA:41,0
DA:42,0
DA:46,0
DA:47,0
DA:48,0
DA:52,0
DA:55,0
DA:63,0
DA:66,0
DA:68,0
DA:69,0
DA:71,0
DA:73,0
DA:77,0
DA:79,0
DA:80,0
DA:81,0
DA:83,0
DA:87,1
LF:46
LH:10
BRDA:26,1,0,0
BRDA:26,1,1,0
BRDA:26,2,0,0
BRDA:26,2,1,0
BRDA:29,3,0,0
BRDA:29,3,1,0
BRDA:32,4,0,0
BRDA:32,4,1,0
BRDA:32,5,0,0
BRDA:32,5,1,0
BRDA:35,6,0,0
BRDA:35,6,1,0
BRDA:38,7,0,0
BRDA:38,7,1,0
BRDA:41,8,0,0
BRDA:41,8,1,0
BRDA:79,9,0,0
BRDA:79,9,1,0
BRF:18
BRH:0
end_of_record
TN:
SF:/Users/walkerking/test/blunderbuss/55-node-study/16-node-blog/models/users.js
FN:5,create
FN:10,getUserByName
FNF:2
FNH:0
FNDA:0,create
FNDA:0,getUserByName
DA:1,1
DA:3,1
DA:6,0
DA:11,0
LF:4
LH:2
BRF:0
BRH:0
end_of_record
TN:
SF:/Users/walkerking/test/blunderbuss/55-node-study/16-node-blog/lib/mongo.js
FN:9,(anonymous_1)
FN:10,(anonymous_2)
FN:15,(anonymous_3)
FNF:3
FNH:0
FNDA:0,(anonymous_1)
FNDA:0,(anonymous_2)
FNDA:0,(anonymous_3)
DA:1,1
DA:2,1
DA:3,1
DA:4,1
DA:5,1
DA:6,1
DA:8,1
DA:10,0
DA:11,0
DA:13,0
DA:16,0
DA:17,0
DA:19,0
DA:22,1
DA:29,1
DA:30,1
DA:36,1
DA:37,1
DA:42,1
LF:19
LH:13
BRDA:16,1,0,0
BRDA:16,1,1,0
BRF:2
BRH:0
end_of_record
TN:
SF:/Users/walkerking/test/blunderbuss/55-node-study/16-node-blog/middlewares/check.js
FN:2,checkLogin
FN:10,checkNotLogin
FNF:2
FNH:0
FNDA:0,checkLogin
FNDA:0,checkNotLogin
DA:1,1
DA:3,0
DA:4,0
DA:5,0
DA:7,0
DA:11,0
DA:12,0
DA:13,0
DA:15,0
LF:9
LH:1
BRDA:3,1,0,0
BRDA:3,1,1,0
BRDA:11,2,0,0
BRDA:11,2,1,0
BRF:4
BRH:0
end_of_record
TN:
SF:/Users/walkerking/test/blunderbuss/55-node-study/16-node-blog/routes/signin.js
FN:9,(anonymous_1)
FN:14,(anonymous_2)
FN:32,(anonymous_3)
FNF:3
FNH:0
FNDA:0,(anonymous_1)
FNDA:0,(anonymous_2)
FNDA:0,(anonymous_3)
DA:1,1
DA:2,1
DA:3,1
DA:5,1
DA:6,1
DA:9,1
DA:10,0
DA:14,1
DA:15,0
DA:16,0
DA:19,0
DA:20,0
DA:21,0
DA:23,0
DA:24,0
DA:27,0
DA:28,0
DA:31,0
DA:33,0
DA:34,0
DA:35,0
DA:38,0
DA:39,0
DA:40,0
DA:42,0
DA:44,0
DA:45,0
DA:47,0
DA:52,1
LF:29
LH:8
BRDA:20,1,0,0
BRDA:20,1,1,0
BRDA:23,2,0,0
BRDA:23,2,1,0
BRDA:33,3,0,0
BRDA:33,3,1,0
BRDA:38,4,0,0
BRDA:38,4,1,0
BRF:8
BRH:0
end_of_record
TN:
SF:/Users/walkerking/test/blunderbuss/55-node-study/16-node-blog/routes/signout.js
FN:7,(anonymous_1)
FNF:1
FNH:0
FNDA:0,(anonymous_1)
DA:1,1
DA:2,1
DA:4,1
DA:7,1
DA:9,0
DA:10,0
DA:12,0
DA:15,1
LF:8
LH:5
BRF:0
BRH:0
end_of_record
TN:
SF:/Users/walkerking/test/blunderbuss/55-node-study/16-node-blog/routes/posts.js
FN:9,(anonymous_1)
FN:13,(anonymous_2)
FN:24,(anonymous_3)
FN:49,(anonymous_4)
FN:60,(anonymous_5)
FN:65,(anonymous_6)
FN:73,(anonymous_7)
FN:89,(anonymous_8)
FN:94,(anonymous_9)
FN:109,(anonymous_10)
FN:129,(anonymous_11)
FN:137,(anonymous_12)
FN:147,(anonymous_13)
FN:152,(anonymous_14)
FN:160,(anonymous_15)
FNF:15
FNH:0
FNDA:0,(anonymous_1)
FNDA:0,(anonymous_2)
FNDA:0,(anonymous_3)
FNDA:0,(anonymous_4)
FNDA:0,(anonymous_5)
FNDA:0,(anonymous_6)
FNDA:0,(anonymous_7)
FNDA:0,(anonymous_8)
FNDA:0,(anonymous_9)
FNDA:0,(anonymous_10)
FNDA:0,(anonymous_11)
FNDA:0,(anonymous_12)
FNDA:0,(anonymous_13)
FNDA:0,(anonymous_14)
FNDA:0,(anonymous_15)
DA:1,1
DA:2,1
DA:3,1
DA:4,1
DA:5,1
DA:9,1
DA:10,0
DA:12,0
DA:14,0
DA:24,1
DA:25,0
DA:26,0
DA:27,0
DA:30,0
DA:31,0
DA:32,0
DA:34,0
DA:35,0
DA:38,0
DA:39,0
DA:42,0
DA:48,0
DA:51,0
DA:52,0
DA:54,0
DA:60,1
DA:61,0
DA:65,1
DA:66,0
DA:68,0
DA:74,0
DA:75,0
DA:76,0
DA:77,0
DA:80,0
DA:89,1
DA:90,0
DA:91,0
DA:93,0
DA:95,0
DA:96,0
DA:98,0
DA:99,0
DA:101,0
DA:109,1
DA:110,0
DA:111,0
DA:112,0
DA:113,0
DA:116,0
DA:117,0
DA:118,0
DA:120,0
DA:121,0
DA:124,0
DA:125,0
DA:128,0
DA:130,0
DA:131,0
DA:133,0
DA:134,0
DA:136,0
DA:138,0
DA:140,0
DA:147,1
DA:148,0
DA:149,0
DA:151,0
DA:153,0
DA:154,0
DA:156,0
DA:157,0
DA:159,0
DA:161,0
DA:163,0
DA:169,1
LF:76
LH:13
BRDA:31,1,0,0
BRDA:31,1,1,0
BRDA:34,2,0,0
BRDA:34,2,1,0
BRDA:76,3,0,0
BRDA:76,3,1,0
BRDA:95,4,0,0
BRDA:95,4,1,0
BRDA:98,5,0,0
BRDA:98,5,1,0
BRDA:117,6,0,0
BRDA:117,6,1,0
BRDA:120,7,0,0
BRDA:120,7,1,0
BRDA:130,8,0,0
BRDA:130,8,1,0
BRDA:133,9,0,0
BRDA:133,9,1,0
BRDA:153,10,0,0
BRDA:153,10,1,0
BRDA:156,11,0,0
BRDA:156,11,1,0
BRF:22
BRH:0
end_of_record
TN:
SF:/Users/walkerking/test/blunderbuss/55-node-study/16-node-blog/models/posts.js
FN:7,(anonymous_1)
FN:8,(anonymous_2)
FN:9,(anonymous_3)
FN:15,(anonymous_4)
FN:17,(anonymous_5)
FN:28,(anonymous_6)
FN:29,(anonymous_7)
FN:34,(anonymous_8)
FN:44,create
FN:49,getPostById
FN:60,getPosts
FN:76,incPv
FN:82,getRawPostById
FN:90,updatePostById
FN:95,delPostById
FN:98,(anonymous_16)
FNF:16
FNH:0
FNDA:0,(anonymous_1)
FNDA:0,(anonymous_2)
FNDA:0,(anonymous_3)
FNDA:0,(anonymous_4)
FNDA:0,(anonymous_5)
FNDA:0,(anonymous_6)
FNDA:0,(anonymous_7)
FNDA:0,(anonymous_8)
FNDA:0,create
FNDA:0,getPostById
FNDA:0,getPosts
FNDA:0,incPv
FNDA:0,getRawPostById
FNDA:0,updatePostById
FNDA:0,delPostById
FNDA:0,(anonymous_16)
DA:1,1
DA:2,1
DA:3,1
DA:6,1
DA:8,0
DA:9,0
DA:10,0
DA:11,0
DA:16,0
DA:17,0
DA:18,0
DA:19,0
DA:22,0
DA:27,1
DA:29,0
DA:30,0
DA:31,0
DA:35,0
DA:36,0
DA:38,0
DA:42,1
DA:45,0
DA:50,0
DA:61,0
DA:62,0
DA:63,0
DA:65,0
DA:77,0
DA:83,0
DA:91,0
DA:96,0
DA:100,0
DA:101,0
LF:33
LH:6
BRDA:16,1,0,0
BRDA:16,1,1,0
BRDA:35,2,0,0
BRDA:35,2,1,0
BRDA:62,3,0,0
BRDA:62,3,1,0
BRDA:100,4,0,0
BRDA:100,4,1,0
BRDA:100,5,0,0
BRDA:100,5,1,0
BRF:10
BRH:0
end_of_record
TN:
SF:/Users/walkerking/test/blunderbuss/55-node-study/16-node-blog/models/comments.js
FN:6,(anonymous_1)
FN:7,(anonymous_2)
FN:16,create
FN:21,getCommentById
FN:26,delCommentById
FN:31,delCommentsByPostId
FN:36,getComments
FN:47,getCommentsCount
FNF:8
FNH:0
FNDA:0,(anonymous_1)
FNDA:0,(anonymous_2)
FNDA:0,create
FNDA:0,getCommentById
FNDA:0,delCommentById
FNDA:0,delCommentsByPostId
FNDA:0,getComments
FNDA:0,getCommentsCount
DA:1,1
DA:2,1
DA:5,1
DA:7,0
DA:8,0
DA:9,0
DA:14,1
DA:17,0
DA:22,0
DA:27,0
DA:32,0
DA:37,0
DA:48,0
LF:13
LH:4
BRF:0
BRH:0
end_of_record
TN:
SF:/Users/walkerking/test/blunderbuss/55-node-study/16-node-blog/routes/comments.js
FN:8,(anonymous_1)
FN:30,(anonymous_2)
FN:39,(anonymous_3)
FN:44,(anonymous_4)
FN:52,(anonymous_5)
FNF:5
FNH:0
FNDA:0,(anonymous_1)
FNDA:0,(anonymous_2)
FNDA:0,(anonymous_3)
FNDA:0,(anonymous_4)
FNDA:0,(anonymous_5)
DA:1,1
DA:2,1
DA:4,1
DA:5,1
DA:8,1
DA:9,0
DA:10,0
DA:11,0
DA:14,0
DA:15,0
DA:16,0
DA:19,0
DA:20,0
DA:23,0
DA:29,0
DA:31,0
DA:33,0
DA:39,1
DA:40,0
DA:41,0
DA:43,0
DA:45,0
DA:46,0
DA:48,0
DA:49,0
DA:51,0
DA:53,0
DA:55,0
DA:61,1
LF:29
LH:7
BRDA:15,1,0,0
BRDA:15,1,1,0
BRDA:45,2,0,0
BRDA:45,2,1,0
BRDA:48,3,0,0
BRDA:48,3,1,0
BRF:6
BRH:0
end_of_record
